Performing C++ SOURCE FILE Test HAVE_FILESYSTEM_IN_STD failed with the following output:
Change Dir: /home/bp1/sandbox/OculusECG/app/.cxx/Debug/v1o56323/arm64-v8a/CMakeFiles/CMakeTmp

Run Build Command(s):/home/bp1/Android/Sdk/cmake/3.18.1/bin/ninja cmTC_3c0b0 && [1/2] Building CXX object CMakeFiles/cmTC_3c0b0.dir/src.cxx.o
FAILED: CMakeFiles/cmTC_3c0b0.dir/src.cxx.o 
/home/bp1/Android/Sdk/ndk/21.4.7075529/toolchains/llvm/prebuilt/linux-x86_64/bin/clang++ --target=aarch64-none-linux-android30 --gcc-toolchain=/home/bp1/Android/Sdk/ndk/21.4.7075529/toolchains/llvm/prebuilt/linux-x86_64 --sysroot=/home/bp1/Android/Sdk/ndk/21.4.7075529/toolchains/llvm/prebuilt/linux-x86_64/sysroot  -I/home/bp1/sandbox/OculusECG/OpenXR-SDK-Source/src/common -g -DANDROID -fdata-sections -ffunction-sections -funwind-tables -fstack-protector-strong -no-canonical-prefixes -D_FORTIFY_SOURCE=2 -Wformat -Werror=format-security   -DHAVE_FILESYSTEM_IN_STD -DCMAKE_CXX_STANDARD=14 -DCMAKE_CXX_STANDARD_REQUIRED=TRUE -fPIC -MD -MT CMakeFiles/cmTC_3c0b0.dir/src.cxx.o -MF CMakeFiles/cmTC_3c0b0.dir/src.cxx.o.d -o CMakeFiles/cmTC_3c0b0.dir/src.cxx.o -c src.cxx
src.cxx:8:15: error: use of undeclared identifier 'is_regular_file'
        (void)is_regular_file("/");
              ^
1 error generated.
ninja: build stopped: subcommand failed.


Source file was:
#include <stdfs_conditions.h>
    
    #if defined(USE_FINAL_FS) && USE_FINAL_FS
    #include <filesystem>
    using namespace std::filesystem;
    #endif
    int main() {
        (void)is_regular_file("/");
        return 0;
    }
    
    
Performing C++ SOURCE FILE Test HAVE_FILESYSTEM_IN_STDEXPERIMENTAL failed with the following output:
Change Dir: /home/bp1/sandbox/OculusECG/app/.cxx/Debug/v1o56323/arm64-v8a/CMakeFiles/CMakeTmp

Run Build Command(s):/home/bp1/Android/Sdk/cmake/3.18.1/bin/ninja cmTC_192ef && [1/2] Building CXX object CMakeFiles/cmTC_192ef.dir/src.cxx.o
FAILED: CMakeFiles/cmTC_192ef.dir/src.cxx.o 
/home/bp1/Android/Sdk/ndk/21.4.7075529/toolchains/llvm/prebuilt/linux-x86_64/bin/clang++ --target=aarch64-none-linux-android30 --gcc-toolchain=/home/bp1/Android/Sdk/ndk/21.4.7075529/toolchains/llvm/prebuilt/linux-x86_64 --sysroot=/home/bp1/Android/Sdk/ndk/21.4.7075529/toolchains/llvm/prebuilt/linux-x86_64/sysroot  -I/home/bp1/sandbox/OculusECG/OpenXR-SDK-Source/src/common -g -DANDROID -fdata-sections -ffunction-sections -funwind-tables -fstack-protector-strong -no-canonical-prefixes -D_FORTIFY_SOURCE=2 -Wformat -Werror=format-security   -DHAVE_FILESYSTEM_IN_STDEXPERIMENTAL -DCMAKE_CXX_STANDARD=14 -DCMAKE_CXX_STANDARD_REQUIRED=TRUE -fPIC -MD -MT CMakeFiles/cmTC_192ef.dir/src.cxx.o -MF CMakeFiles/cmTC_192ef.dir/src.cxx.o.d -o CMakeFiles/cmTC_192ef.dir/src.cxx.o -c src.cxx
src.cxx:8:15: error: use of undeclared identifier 'is_regular_file'
        (void)is_regular_file("/");
              ^
1 error generated.
ninja: build stopped: subcommand failed.


Source file was:
#include <stdfs_conditions.h>
    
    #if defined(USE_EXPERIMENTAL_FS) && USE_EXPERIMENTAL_FS
    #include <experimental/filesystem>
    using namespace std::experimental::filesystem;
    #endif
    int main() {
        (void)is_regular_file("/");
        return 0;
    }
    
    
Performing C++ SOURCE FILE Test HAVE_FILESYSTEM_IN_STD_17 failed with the following output:
Change Dir: /home/bp1/sandbox/OculusECG/app/.cxx/Debug/v1o56323/arm64-v8a/CMakeFiles/CMakeTmp

Run Build Command(s):/home/bp1/Android/Sdk/cmake/3.18.1/bin/ninja cmTC_e54fc && [1/2] Building CXX object CMakeFiles/cmTC_e54fc.dir/src.cxx.o
FAILED: CMakeFiles/cmTC_e54fc.dir/src.cxx.o 
/home/bp1/Android/Sdk/ndk/21.4.7075529/toolchains/llvm/prebuilt/linux-x86_64/bin/clang++ --target=aarch64-none-linux-android30 --gcc-toolchain=/home/bp1/Android/Sdk/ndk/21.4.7075529/toolchains/llvm/prebuilt/linux-x86_64 --sysroot=/home/bp1/Android/Sdk/ndk/21.4.7075529/toolchains/llvm/prebuilt/linux-x86_64/sysroot  -I/home/bp1/sandbox/OculusECG/OpenXR-SDK-Source/src/common -g -DANDROID -fdata-sections -ffunction-sections -funwind-tables -fstack-protector-strong -no-canonical-prefixes -D_FORTIFY_SOURCE=2 -Wformat -Werror=format-security   -DHAVE_FILESYSTEM_IN_STD_17 -DCMAKE_CXX_STANDARD=17 -DCMAKE_CXX_STANDARD_REQUIRED=TRUE -fPIC -MD -MT CMakeFiles/cmTC_e54fc.dir/src.cxx.o -MF CMakeFiles/cmTC_e54fc.dir/src.cxx.o.d -o CMakeFiles/cmTC_e54fc.dir/src.cxx.o -c src.cxx
src.cxx:8:15: error: use of undeclared identifier 'is_regular_file'
        (void)is_regular_file("/");
              ^
1 error generated.
ninja: build stopped: subcommand failed.


Source file was:
#include <stdfs_conditions.h>
    
    #if defined(USE_FINAL_FS) && USE_FINAL_FS
    #include <filesystem>
    using namespace std::filesystem;
    #endif
    int main() {
        (void)is_regular_file("/");
        return 0;
    }
    
    
Performing C++ SOURCE FILE Test HAVE_FILESYSTEM_WITHOUT_LIB failed with the following output:
Change Dir: /home/bp1/sandbox/OculusECG/app/.cxx/Debug/v1o56323/arm64-v8a/CMakeFiles/CMakeTmp

Run Build Command(s):/home/bp1/Android/Sdk/cmake/3.18.1/bin/ninja cmTC_b25f0 && [1/2] Building CXX object CMakeFiles/cmTC_b25f0.dir/src.cxx.o
FAILED: CMakeFiles/cmTC_b25f0.dir/src.cxx.o 
/home/bp1/Android/Sdk/ndk/21.4.7075529/toolchains/llvm/prebuilt/linux-x86_64/bin/clang++ --target=aarch64-none-linux-android30 --gcc-toolchain=/home/bp1/Android/Sdk/ndk/21.4.7075529/toolchains/llvm/prebuilt/linux-x86_64 --sysroot=/home/bp1/Android/Sdk/ndk/21.4.7075529/toolchains/llvm/prebuilt/linux-x86_64/sysroot  -I/home/bp1/sandbox/OculusECG/OpenXR-SDK-Source/src/common -g -DANDROID -fdata-sections -ffunction-sections -funwind-tables -fstack-protector-strong -no-canonical-prefixes -D_FORTIFY_SOURCE=2 -Wformat -Werror=format-security   -DHAVE_FILESYSTEM_WITHOUT_LIB -fPIE -MD -MT CMakeFiles/cmTC_b25f0.dir/src.cxx.o -MF CMakeFiles/cmTC_b25f0.dir/src.cxx.o.d -o CMakeFiles/cmTC_b25f0.dir/src.cxx.o -c src.cxx
src.cxx:12:15: error: use of undeclared identifier 'is_regular_file'
        (void)is_regular_file("/");
              ^
1 error generated.
ninja: build stopped: subcommand failed.


Source file was:
#include <stdfs_conditions.h>
    
    #if defined(USE_FINAL_FS) && USE_FINAL_FS
    #include <filesystem>
    using namespace std::filesystem;
    #endif
    #if defined(USE_EXPERIMENTAL_FS) && USE_EXPERIMENTAL_FS
    #include <experimental/filesystem>
    using namespace std::experimental::filesystem;
    #endif
    int main() {
        (void)is_regular_file("/");
        return 0;
    }
    
    
Performing C++ SOURCE FILE Test HAVE_FILESYSTEM_NEEDING_LIBSTDCXXFS failed with the following output:
Change Dir: /home/bp1/sandbox/OculusECG/app/.cxx/Debug/v1o56323/arm64-v8a/CMakeFiles/CMakeTmp

Run Build Command(s):/home/bp1/Android/Sdk/cmake/3.18.1/bin/ninja cmTC_7f1a0 && [1/2] Building CXX object CMakeFiles/cmTC_7f1a0.dir/src.cxx.o
FAILED: CMakeFiles/cmTC_7f1a0.dir/src.cxx.o 
/home/bp1/Android/Sdk/ndk/21.4.7075529/toolchains/llvm/prebuilt/linux-x86_64/bin/clang++ --target=aarch64-none-linux-android30 --gcc-toolchain=/home/bp1/Android/Sdk/ndk/21.4.7075529/toolchains/llvm/prebuilt/linux-x86_64 --sysroot=/home/bp1/Android/Sdk/ndk/21.4.7075529/toolchains/llvm/prebuilt/linux-x86_64/sysroot  -I/home/bp1/sandbox/OculusECG/OpenXR-SDK-Source/src/common -g -DANDROID -fdata-sections -ffunction-sections -funwind-tables -fstack-protector-strong -no-canonical-prefixes -D_FORTIFY_SOURCE=2 -Wformat -Werror=format-security   -DHAVE_FILESYSTEM_NEEDING_LIBSTDCXXFS -fPIE -MD -MT CMakeFiles/cmTC_7f1a0.dir/src.cxx.o -MF CMakeFiles/cmTC_7f1a0.dir/src.cxx.o.d -o CMakeFiles/cmTC_7f1a0.dir/src.cxx.o -c src.cxx
src.cxx:12:15: error: use of undeclared identifier 'is_regular_file'
        (void)is_regular_file("/");
              ^
1 error generated.
ninja: build stopped: subcommand failed.


Source file was:
#include <stdfs_conditions.h>
    
    #if defined(USE_FINAL_FS) && USE_FINAL_FS
    #include <filesystem>
    using namespace std::filesystem;
    #endif
    #if defined(USE_EXPERIMENTAL_FS) && USE_EXPERIMENTAL_FS
    #include <experimental/filesystem>
    using namespace std::experimental::filesystem;
    #endif
    int main() {
        (void)is_regular_file("/");
        return 0;
    }
    
    
Performing C++ SOURCE FILE Test HAVE_FILESYSTEM_NEEDING_LIBCXXFS failed with the following output:
Change Dir: /home/bp1/sandbox/OculusECG/app/.cxx/Debug/v1o56323/arm64-v8a/CMakeFiles/CMakeTmp

Run Build Command(s):/home/bp1/Android/Sdk/cmake/3.18.1/bin/ninja cmTC_4d55f && [1/2] Building CXX object CMakeFiles/cmTC_4d55f.dir/src.cxx.o
FAILED: CMakeFiles/cmTC_4d55f.dir/src.cxx.o 
/home/bp1/Android/Sdk/ndk/21.4.7075529/toolchains/llvm/prebuilt/linux-x86_64/bin/clang++ --target=aarch64-none-linux-android30 --gcc-toolchain=/home/bp1/Android/Sdk/ndk/21.4.7075529/toolchains/llvm/prebuilt/linux-x86_64 --sysroot=/home/bp1/Android/Sdk/ndk/21.4.7075529/toolchains/llvm/prebuilt/linux-x86_64/sysroot  -I/home/bp1/sandbox/OculusECG/OpenXR-SDK-Source/src/common -g -DANDROID -fdata-sections -ffunction-sections -funwind-tables -fstack-protector-strong -no-canonical-prefixes -D_FORTIFY_SOURCE=2 -Wformat -Werror=format-security   -DHAVE_FILESYSTEM_NEEDING_LIBCXXFS -fPIE -MD -MT CMakeFiles/cmTC_4d55f.dir/src.cxx.o -MF CMakeFiles/cmTC_4d55f.dir/src.cxx.o.d -o CMakeFiles/cmTC_4d55f.dir/src.cxx.o -c src.cxx
src.cxx:12:15: error: use of undeclared identifier 'is_regular_file'
        (void)is_regular_file("/");
              ^
1 error generated.
ninja: build stopped: subcommand failed.


Source file was:
#include <stdfs_conditions.h>
    
    #if defined(USE_FINAL_FS) && USE_FINAL_FS
    #include <filesystem>
    using namespace std::filesystem;
    #endif
    #if defined(USE_EXPERIMENTAL_FS) && USE_EXPERIMENTAL_FS
    #include <experimental/filesystem>
    using namespace std::experimental::filesystem;
    #endif
    int main() {
        (void)is_regular_file("/");
        return 0;
    }
    
    
Performing C SOURCE FILE Test CMAKE_HAVE_LIBC_PTHREAD failed with the following output:
Change Dir: /home/bp1/sandbox/OculusECG/app/.cxx/Debug/v1o56323/arm64-v8a/CMakeFiles/CMakeTmp

Run Build Command(s):/home/bp1/Android/Sdk/cmake/3.18.1/bin/ninja cmTC_65fc1 && [1/2] Building C object CMakeFiles/cmTC_65fc1.dir/src.c.o
src.c:13:3: warning: implicit declaration of function 'pthread_cancel' is invalid in C99 [-Wimplicit-function-declaration]
  pthread_cancel(thread);
  ^
1 warning generated.
[2/2] Linking C executable cmTC_65fc1
FAILED: cmTC_65fc1 
: && /home/bp1/Android/Sdk/ndk/21.4.7075529/toolchains/llvm/prebuilt/linux-x86_64/bin/clang --target=aarch64-none-linux-android30 --gcc-toolchain=/home/bp1/Android/Sdk/ndk/21.4.7075529/toolchains/llvm/prebuilt/linux-x86_64 --sysroot=/home/bp1/Android/Sdk/ndk/21.4.7075529/toolchains/llvm/prebuilt/linux-x86_64/sysroot -g -DANDROID -fdata-sections -ffunction-sections -funwind-tables -fstack-protector-strong -no-canonical-prefixes -D_FORTIFY_SOURCE=2 -Wformat -Werror=format-security  -DCMAKE_HAVE_LIBC_PTHREAD -Wl,--exclude-libs,libgcc.a -Wl,--exclude-libs,libgcc_real.a -Wl,--exclude-libs,libatomic.a -static-libstdc++ -Wl,--build-id -Wl,--fatal-warnings -Wl,--no-undefined -Qunused-arguments -Wl,--gc-sections CMakeFiles/cmTC_65fc1.dir/src.c.o -o cmTC_65fc1  -latomic -lm && :
CMakeFiles/cmTC_65fc1.dir/src.c.o: In function `main':
/home/bp1/sandbox/OculusECG/app/.cxx/Debug/v1o56323/arm64-v8a/CMakeFiles/CMakeTmp/src.c:(.text.main+0x20): undefined reference to `pthread_cancel'
/home/bp1/sandbox/OculusECG/app/.cxx/Debug/v1o56323/arm64-v8a/CMakeFiles/CMakeTmp/src.c:(.text.main+0x24): undefined reference to `pthread_cancel'
clang: error: linker command failed with exit code 1 (use -v to see invocation)
ninja: build stopped: subcommand failed.


Source file was:
#include <pthread.h>

void* test_func(void* data)
{
  return data;
}

int main(void)
{
  pthread_t thread;
  pthread_create(&thread, NULL, test_func, NULL);
  pthread_detach(thread);
  pthread_cancel(thread);
  pthread_join(thread, NULL);
  pthread_atfork(NULL, NULL, NULL);
  pthread_exit(NULL);

  return 0;
}

Determining if the function pthread_create exists in the pthreads failed with the following output:
Change Dir: /home/bp1/sandbox/OculusECG/app/.cxx/Debug/v1o56323/arm64-v8a/CMakeFiles/CMakeTmp

Run Build Command(s):/home/bp1/Android/Sdk/cmake/3.18.1/bin/ninja cmTC_7e0a3 && [1/2] Building C object CMakeFiles/cmTC_7e0a3.dir/CheckFunctionExists.c.o
/home/bp1/Android/Sdk/cmake/3.18.1/share/cmake-3.18/Modules/CheckFunctionExists.c:7:3: warning: declaration of built-in function 'pthread_create' requires inclusion of the header <pthread.h> [-Wbuiltin-requires-header]
  CHECK_FUNCTION_EXISTS(void);
  ^
<command line>:3:31: note: expanded from here
#define CHECK_FUNCTION_EXISTS pthread_create
                              ^
1 warning generated.
[2/2] Linking C executable cmTC_7e0a3
FAILED: cmTC_7e0a3 
: && /home/bp1/Android/Sdk/ndk/21.4.7075529/toolchains/llvm/prebuilt/linux-x86_64/bin/clang --target=aarch64-none-linux-android30 --gcc-toolchain=/home/bp1/Android/Sdk/ndk/21.4.7075529/toolchains/llvm/prebuilt/linux-x86_64 --sysroot=/home/bp1/Android/Sdk/ndk/21.4.7075529/toolchains/llvm/prebuilt/linux-x86_64/sysroot -g -DANDROID -fdata-sections -ffunction-sections -funwind-tables -fstack-protector-strong -no-canonical-prefixes -D_FORTIFY_SOURCE=2 -Wformat -Werror=format-security  -DCHECK_FUNCTION_EXISTS=pthread_create -Wl,--exclude-libs,libgcc.a -Wl,--exclude-libs,libgcc_real.a -Wl,--exclude-libs,libatomic.a -static-libstdc++ -Wl,--build-id -Wl,--fatal-warnings -Wl,--no-undefined -Qunused-arguments -Wl,--gc-sections CMakeFiles/cmTC_7e0a3.dir/CheckFunctionExists.c.o -o cmTC_7e0a3  -lpthreads  -latomic -lm && :
/home/bp1/Android/Sdk/ndk/21.4.7075529/toolchains/llvm/prebuilt/linux-x86_64/lib/gcc/aarch64-linux-android/4.9.x/../../../../aarch64-linux-android/bin/ld: cannot find -lpthreads
clang: error: linker command failed with exit code 1 (use -v to see invocation)
ninja: build stopped: subcommand failed.



Determining if the function pthread_create exists in the pthread failed with the following output:
Change Dir: /home/bp1/sandbox/OculusECG/app/.cxx/Debug/v1o56323/arm64-v8a/CMakeFiles/CMakeTmp

Run Build Command(s):/home/bp1/Android/Sdk/cmake/3.18.1/bin/ninja cmTC_f510a && [1/2] Building C object CMakeFiles/cmTC_f510a.dir/CheckFunctionExists.c.o
/home/bp1/Android/Sdk/cmake/3.18.1/share/cmake-3.18/Modules/CheckFunctionExists.c:7:3: warning: declaration of built-in function 'pthread_create' requires inclusion of the header <pthread.h> [-Wbuiltin-requires-header]
  CHECK_FUNCTION_EXISTS(void);
  ^
<command line>:3:31: note: expanded from here
#define CHECK_FUNCTION_EXISTS pthread_create
                              ^
1 warning generated.
[2/2] Linking C executable cmTC_f510a
FAILED: cmTC_f510a 
: && /home/bp1/Android/Sdk/ndk/21.4.7075529/toolchains/llvm/prebuilt/linux-x86_64/bin/clang --target=aarch64-none-linux-android30 --gcc-toolchain=/home/bp1/Android/Sdk/ndk/21.4.7075529/toolchains/llvm/prebuilt/linux-x86_64 --sysroot=/home/bp1/Android/Sdk/ndk/21.4.7075529/toolchains/llvm/prebuilt/linux-x86_64/sysroot -g -DANDROID -fdata-sections -ffunction-sections -funwind-tables -fstack-protector-strong -no-canonical-prefixes -D_FORTIFY_SOURCE=2 -Wformat -Werror=format-security  -DCHECK_FUNCTION_EXISTS=pthread_create -Wl,--exclude-libs,libgcc.a -Wl,--exclude-libs,libgcc_real.a -Wl,--exclude-libs,libatomic.a -static-libstdc++ -Wl,--build-id -Wl,--fatal-warnings -Wl,--no-undefined -Qunused-arguments -Wl,--gc-sections CMakeFiles/cmTC_f510a.dir/CheckFunctionExists.c.o -o cmTC_f510a  -lpthread  -latomic -lm && :
/home/bp1/Android/Sdk/ndk/21.4.7075529/toolchains/llvm/prebuilt/linux-x86_64/lib/gcc/aarch64-linux-android/4.9.x/../../../../aarch64-linux-android/bin/ld: cannot find -lpthread
clang: error: linker command failed with exit code 1 (use -v to see invocation)
ninja: build stopped: subcommand failed.



Determining if the function secure_getenv exists failed with the following output:
Change Dir: /home/bp1/sandbox/OculusECG/app/.cxx/Debug/v1o56323/arm64-v8a/CMakeFiles/CMakeTmp

Run Build Command(s):/home/bp1/Android/Sdk/cmake/3.18.1/bin/ninja cmTC_1cbc8 && [1/2] Building C object CMakeFiles/cmTC_1cbc8.dir/CheckFunctionExists.c.o
[2/2] Linking C executable cmTC_1cbc8
FAILED: cmTC_1cbc8 
: && /home/bp1/Android/Sdk/ndk/21.4.7075529/toolchains/llvm/prebuilt/linux-x86_64/bin/clang --target=aarch64-none-linux-android30 --gcc-toolchain=/home/bp1/Android/Sdk/ndk/21.4.7075529/toolchains/llvm/prebuilt/linux-x86_64 --sysroot=/home/bp1/Android/Sdk/ndk/21.4.7075529/toolchains/llvm/prebuilt/linux-x86_64/sysroot -g -DANDROID -fdata-sections -ffunction-sections -funwind-tables -fstack-protector-strong -no-canonical-prefixes -D_FORTIFY_SOURCE=2 -Wformat -Werror=format-security  -DCHECK_FUNCTION_EXISTS=secure_getenv -Wl,--exclude-libs,libgcc.a -Wl,--exclude-libs,libgcc_real.a -Wl,--exclude-libs,libatomic.a -static-libstdc++ -Wl,--build-id -Wl,--fatal-warnings -Wl,--no-undefined -Qunused-arguments -Wl,--gc-sections CMakeFiles/cmTC_1cbc8.dir/CheckFunctionExists.c.o -o cmTC_1cbc8  -latomic -lm && :
CMakeFiles/cmTC_1cbc8.dir/CheckFunctionExists.c.o: In function `main':
/home/bp1/Android/Sdk/cmake/3.18.1/share/cmake-3.18/Modules/CheckFunctionExists.c:17: undefined reference to `secure_getenv'
clang: error: linker command failed with exit code 1 (use -v to see invocation)
ninja: build stopped: subcommand failed.



Determining if the function __secure_getenv exists failed with the following output:
Change Dir: /home/bp1/sandbox/OculusECG/app/.cxx/Debug/v1o56323/arm64-v8a/CMakeFiles/CMakeTmp

Run Build Command(s):/home/bp1/Android/Sdk/cmake/3.18.1/bin/ninja cmTC_30ecd && [1/2] Building C object CMakeFiles/cmTC_30ecd.dir/CheckFunctionExists.c.o
[2/2] Linking C executable cmTC_30ecd
FAILED: cmTC_30ecd 
: && /home/bp1/Android/Sdk/ndk/21.4.7075529/toolchains/llvm/prebuilt/linux-x86_64/bin/clang --target=aarch64-none-linux-android30 --gcc-toolchain=/home/bp1/Android/Sdk/ndk/21.4.7075529/toolchains/llvm/prebuilt/linux-x86_64 --sysroot=/home/bp1/Android/Sdk/ndk/21.4.7075529/toolchains/llvm/prebuilt/linux-x86_64/sysroot -g -DANDROID -fdata-sections -ffunction-sections -funwind-tables -fstack-protector-strong -no-canonical-prefixes -D_FORTIFY_SOURCE=2 -Wformat -Werror=format-security  -DCHECK_FUNCTION_EXISTS=__secure_getenv -Wl,--exclude-libs,libgcc.a -Wl,--exclude-libs,libgcc_real.a -Wl,--exclude-libs,libatomic.a -static-libstdc++ -Wl,--build-id -Wl,--fatal-warnings -Wl,--no-undefined -Qunused-arguments -Wl,--gc-sections CMakeFiles/cmTC_30ecd.dir/CheckFunctionExists.c.o -o cmTC_30ecd  -latomic -lm && :
CMakeFiles/cmTC_30ecd.dir/CheckFunctionExists.c.o: In function `main':
/home/bp1/Android/Sdk/cmake/3.18.1/share/cmake-3.18/Modules/CheckFunctionExists.c:17: undefined reference to `__secure_getenv'
clang: error: linker command failed with exit code 1 (use -v to see invocation)
ninja: build stopped: subcommand failed.



